<?xml version="1.0" encoding="UTF-8"?>
<!-- Generated by org.testng.reporters.JUnitReportReporter -->
<testsuite name="org.sunbird.testscripts.TC_254" tests="1" time="73.846" ignored="0" failures="0" timestamp="05 Oct 2018 08:02:28 GMT" skipped="0" hostname="Arjun-PC" errors="0">
  <testcase name="memberSearchInBatch" time="73.846" classname="org.sunbird.testscripts.TC_254"/>
</testsuite> <!-- org.sunbird.testscripts.TC_254 -->
