<?xml version="1.0" encoding="UTF-8"?>
<!-- Generated by org.testng.reporters.JUnitReportReporter -->
<testsuite name="org.contoso.testscripts.TC05_Initialize__Resource_Calendar" tests="1" time="0.001" ignored="0" failures="0" timestamp="14 Jan 2019 12:11:51 GMT" skipped="1" hostname="MININT-F36S5EH" errors="0">
  <testcase name="TC05_Initialize_Standard_Calendar" time="0.001" classname="org.contoso.testscripts.TC05_Initialize__Resource_Calendar">
    <skipped/>
  </testcase> <!-- TC05_Initialize_Standard_Calendar -->
</testsuite> <!-- org.contoso.testscripts.TC05_Initialize__Resource_Calendar -->
