<?xml version="1.0" encoding="UTF-8"?>
<!-- Generated by org.testng.reporters.JUnitReportReporter -->
<testsuite name="org.contoso.testscripts.TC20_Set_Start_Day_Of_The_Week" tests="1" time="0.000" ignored="0" failures="0" timestamp="20 Jan 2019 13:04:37 GMT" skipped="1" hostname="MININT-F36S5EH" errors="0">
  <testcase name="TC20_Set_The_Start_Day" time="0.000" classname="org.contoso.testscripts.TC20_Set_Start_Day_Of_The_Week">
    <skipped/>
  </testcase> <!-- TC20_Set_The_Start_Day -->
</testsuite> <!-- org.contoso.testscripts.TC20_Set_Start_Day_Of_The_Week -->
