<?xml version="1.0" encoding="UTF-8"?>
<!-- Generated by org.testng.reporters.JUnitReportReporter -->
<testsuite name="org.sunbird.testscripts.TC_281" tests="1" time="42.510" ignored="0" failures="0" timestamp="13 Nov 2018 09:21:39 GMT" skipped="0" hostname="Arjun-PC" errors="0">
  <testcase name="allMyContent" time="42.510" classname="org.sunbird.testscripts.TC_281"/>
</testsuite> <!-- org.sunbird.testscripts.TC_281 -->
