<?xml version="1.0" encoding="UTF-8"?>
<!-- Generated by org.testng.reporters.JUnitReportReporter -->
<testsuite name="org.contoso.testscripts.TC15_Cancelling_Assignments" tests="1" time="66.429" ignored="0" failures="0" timestamp="16 Jan 2019 08:36:39 GMT" skipped="0" hostname="MININT-F36S5EH" errors="0">
  <testcase name="TC15_Cancelling_Assigned_Shifts" time="66.429" classname="org.contoso.testscripts.TC15_Cancelling_Assignments"/>
</testsuite> <!-- org.contoso.testscripts.TC15_Cancelling_Assignments -->
