<?xml version="1.0" encoding="UTF-8"?>
<!-- Generated by org.testng.reporters.JUnitReportReporter -->
<testsuite name="org.contoso.testscripts.TC05_Add_Profile_Image" tests="1" time="81.834" ignored="0" failures="0" timestamp="20 May 2019 12:03:08 GMT" skipped="0" hostname="MININT-F36S5EH" errors="0">
  <testcase name="TC05_Add_ProfileImage" time="81.834" classname="org.contoso.testscripts.TC05_Add_Profile_Image"/>
</testsuite> <!-- org.contoso.testscripts.TC05_Add_Profile_Image -->
