<?xml version="1.0" encoding="UTF-8"?>
<!-- Generated by org.testng.reporters.JUnitReportReporter -->
<testsuite name="org.sunbird.testscripts.TC_207" tests="1" time="37.346" ignored="0" failures="0" timestamp="08 Nov 2018 14:49:37 GMT" skipped="0" hostname="Arjun-PC" errors="0">
  <testcase name="upForReview" time="37.346" classname="org.sunbird.testscripts.TC_207"/>
</testsuite> <!-- org.sunbird.testscripts.TC_207 -->
