<?xml version="1.0" encoding="UTF-8"?>
<!-- Generated by org.testng.reporters.JUnitReportReporter -->
<testsuite name="org.sunbird.testscripts.TC_252" tests="1" time="94.951" ignored="0" failures="0" timestamp="05 Oct 2018 07:35:59 GMT" skipped="0" hostname="Arjun-PC" errors="0">
  <testcase name="memberSearchInBatch" time="94.951" classname="org.sunbird.testscripts.TC_252"/>
</testsuite> <!-- org.sunbird.testscripts.TC_252 -->
