<?xml version="1.0" encoding="UTF-8"?>
<!-- Generated by org.testng.reporters.JUnitReportReporter -->
<testsuite name="org.contoso.testscripts.TC14_Verify_Shift_Details_In_ShiftDetails_Section" tests="1" time="62.183" ignored="0" failures="0" timestamp="16 Jan 2019 08:13:38 GMT" skipped="0" hostname="MININT-F36S5EH" errors="0">
  <testcase name="TC14_Verify_Shift_Details" time="62.183" classname="org.contoso.testscripts.TC14_Verify_Shift_Details_In_ShiftDetails_Section"/>
</testsuite> <!-- org.contoso.testscripts.TC14_Verify_Shift_Details_In_ShiftDetails_Section -->
