<?xml version="1.0" encoding="UTF-8"?>
<!-- Generated by org.testng.reporters.JUnitReportReporter -->
<testsuite name="org.sunbird.testscripts.TC_209" tests="1" time="69.590" ignored="0" failures="0" timestamp="08 Nov 2018 16:17:02 GMT" skipped="0" hostname="Arjun-PC" errors="0">
  <testcase name="upForReview" time="69.590" classname="org.sunbird.testscripts.TC_209"/>
</testsuite> <!-- org.sunbird.testscripts.TC_209 -->
