<?xml version="1.0" encoding="UTF-8"?>
<!-- Generated by org.testng.reporters.JUnitReportReporter -->
<testsuite name="org.contoso.testscripts.TC08_Navigate_To_SchedulePage_For_FutureDate" tests="1" time="0.001" ignored="0" failures="0" timestamp="14 Jan 2019 12:11:51 GMT" skipped="1" hostname="MININT-F36S5EH" errors="0">
  <testcase name="TC08_Navigate_To_SchedulePage_With_FutureDate" time="0.001" classname="org.contoso.testscripts.TC08_Navigate_To_SchedulePage_For_FutureDate">
    <skipped/>
  </testcase> <!-- TC08_Navigate_To_SchedulePage_With_FutureDate -->
</testsuite> <!-- org.contoso.testscripts.TC08_Navigate_To_SchedulePage_For_FutureDate -->
