<?xml version="1.0" encoding="UTF-8"?>
<!-- Generated by org.testng.reporters.JUnitReportReporter -->
<testsuite name="org.contoso.testscripts.TC13_Manual_Assignment_Of_Shifts" tests="1" time="87.040" ignored="0" failures="0" timestamp="21 May 2019 07:26:27 GMT" skipped="0" hostname="MININT-F36S5EH" errors="0">
  <testcase name="TC13_Manually_Assigning_The_Shifts" time="87.040" classname="org.contoso.testscripts.TC13_Manual_Assignment_Of_Shifts"/>
</testsuite> <!-- org.contoso.testscripts.TC13_Manual_Assignment_Of_Shifts -->
