<?xml version="1.0" encoding="UTF-8"?>
<!-- Generated by org.testng.reporters.JUnitReportReporter -->
<testsuite name="org.contoso.testscripts.TC02_Set_Up_Standard_Calendar" tests="1" time="79.854" ignored="0" failures="0" timestamp="29 Dec 2018 18:52:34 GMT" skipped="0" hostname="MININT-F36S5EH" errors="0">
  <testcase name="TC02_SetUpStandardCalendar" time="79.854" classname="org.contoso.testscripts.TC02_Set_Up_Standard_Calendar"/>
</testsuite> <!-- org.contoso.testscripts.TC02_Set_Up_Standard_Calendar -->
