<?xml version="1.0" encoding="UTF-8"?>
<!-- Generated by org.testng.reporters.JUnitReportReporter -->
<testsuite name="org.sunbird.testscripts.TC_340" tests="1" time="68.444" ignored="0" failures="0" timestamp="16 Nov 2018 11:23:10 GMT" skipped="0" hostname="Arjun-PC" errors="0">
  <testcase name="announcement_feature" time="68.444" classname="org.sunbird.testscripts.TC_340"/>
</testsuite> <!-- org.sunbird.testscripts.TC_340 -->
