<?xml version="1.0" encoding="UTF-8"?>
<!-- Generated by org.testng.reporters.JUnitReportReporter -->
<testsuite name="org.contoso.testscripts.TC21_Set_Monday_As_The_Start_Day_Of_Week" tests="1" time="0.000" ignored="0" failures="0" timestamp="20 Jan 2019 13:04:38 GMT" skipped="1" hostname="MININT-F36S5EH" errors="0">
  <testcase name="TC21_SetMondayAsTheWeekStartDay" time="0.000" classname="org.contoso.testscripts.TC21_Set_Monday_As_The_Start_Day_Of_Week">
    <skipped/>
  </testcase> <!-- TC21_SetMondayAsTheWeekStartDay -->
</testsuite> <!-- org.contoso.testscripts.TC21_Set_Monday_As_The_Start_Day_Of_Week -->
