<?xml version="1.0" encoding="UTF-8"?>
<!-- Generated by org.testng.reporters.JUnitReportReporter -->
<testsuite name="org.contoso.testscripts.TC06_Remove_Profile_Image" tests="1" time="78.821" ignored="0" failures="0" timestamp="20 May 2019 12:03:08 GMT" skipped="0" hostname="MININT-F36S5EH" errors="0">
  <testcase name="TC06_Delete_Profile_Image" time="78.821" classname="org.contoso.testscripts.TC06_Remove_Profile_Image"/>
</testsuite> <!-- org.contoso.testscripts.TC06_Remove_Profile_Image -->
