<?xml version="1.0" encoding="UTF-8"?>
<!-- Generated by org.testng.reporters.JUnitReportReporter -->
<testsuite name="org.contoso.testscripts.TC12_Navigate_To_SchedulePage_For_CurrentDate" tests="1" time="41.078" ignored="0" failures="0" timestamp="20 May 2019 12:03:08 GMT" skipped="0" hostname="MININT-F36S5EH" errors="0">
  <testcase name="TC12_Navigate_To_SchedulePage_With_CurrentDate" time="41.078" classname="org.contoso.testscripts.TC12_Navigate_To_SchedulePage_For_CurrentDate"/>
</testsuite> <!-- org.contoso.testscripts.TC12_Navigate_To_SchedulePage_For_CurrentDate -->
