<?xml version="1.0" encoding="UTF-8"?>
<!-- Generated by org.testng.reporters.JUnitReportReporter -->
<testsuite name="org.sunbird.testscripts.TC_208" tests="1" time="56.340" ignored="0" failures="0" timestamp="08 Nov 2018 15:22:30 GMT" skipped="0" hostname="Arjun-PC" errors="0">
  <testcase name="upForReview" time="56.340" classname="org.sunbird.testscripts.TC_208"/>
</testsuite> <!-- org.sunbird.testscripts.TC_208 -->
