<?xml version="1.0" encoding="UTF-8"?>
<!-- Generated by org.testng.reporters.JUnitReportReporter -->
<testsuite name="org.sunbird.testscripts.TC_251" tests="1" time="53.996" ignored="0" failures="0" timestamp="09 Nov 2018 11:59:02 GMT" skipped="0" hostname="Arjun-PC" errors="0">
  <testcase name="memberSearchInBatch" time="53.996" classname="org.sunbird.testscripts.TC_251"/>
</testsuite> <!-- org.sunbird.testscripts.TC_251 -->
