<?xml version="1.0" encoding="UTF-8"?>
<!-- Generated by org.testng.reporters.JUnitReportReporter -->
<testsuite name="org.contoso.testscripts.TC15_Cancelling_And_Deleting_Assignments" tests="1" time="74.978" ignored="0" failures="0" timestamp="16 Jan 2019 08:48:04 GMT" skipped="0" hostname="MININT-F36S5EH" errors="0">
  <testcase name="TC15_Cancel_And_Delete_Assigned_Shifts" time="74.978" classname="org.contoso.testscripts.TC15_Cancelling_And_Deleting_Assignments"/>
</testsuite> <!-- org.contoso.testscripts.TC15_Cancelling_And_Deleting_Assignments -->
