<?xml version="1.0" encoding="UTF-8"?>
<!-- Generated by org.testng.reporters.JUnitReportReporter -->
<testsuite name="org.sunbird.testscripts.TC_310" tests="1" time="38.261" ignored="0" failures="0" timestamp="15 Nov 2018 19:00:42 GMT" skipped="0" hostname="Arjun-PC" errors="0">
  <testcase name="rootOrg" time="38.261" classname="org.sunbird.testscripts.TC_310"/>
</testsuite> <!-- org.sunbird.testscripts.TC_310 -->
