<?xml version="1.0" encoding="UTF-8"?>
<!-- Generated by org.testng.reporters.JUnitReportReporter -->
<testsuite name="org.sunbird.testscripts.TC_318" tests="1" time="51.064" ignored="0" failures="0" timestamp="16 Nov 2018 09:26:18 GMT" skipped="0" hostname="Arjun-PC" errors="0">
  <testcase name="announcement_feature" time="51.064" classname="org.sunbird.testscripts.TC_318"/>
</testsuite> <!-- org.sunbird.testscripts.TC_318 -->
