<?xml version="1.0" encoding="UTF-8"?>
<!-- Generated by org.testng.reporters.JUnitReportReporter -->
<testsuite name="org.contoso.testscripts.TC19_Set_Start_Day_Of_The_Week" tests="1" time="59.144" ignored="0" failures="0" timestamp="20 May 2019 12:03:08 GMT" skipped="0" hostname="MININT-F36S5EH" errors="0">
  <testcase name="TC19_Set_The_Start_Day" time="59.144" classname="org.contoso.testscripts.TC19_Set_Start_Day_Of_The_Week"/>
</testsuite> <!-- org.contoso.testscripts.TC19_Set_Start_Day_Of_The_Week -->
