<?xml version="1.0" encoding="UTF-8"?>
<!-- Generated by org.testng.reporters.JUnitReportReporter -->
<testsuite name="org.sunbird.testscripts.TC_339" tests="1" time="73.441" ignored="0" failures="0" timestamp="16 Nov 2018 11:16:11 GMT" skipped="0" hostname="Arjun-PC" errors="0">
  <testcase name="announcement_feature" time="73.441" classname="org.sunbird.testscripts.TC_339"/>
</testsuite> <!-- org.sunbird.testscripts.TC_339 -->
