<?xml version="1.0" encoding="UTF-8"?>
<!-- Generated by org.testng.reporters.JUnitReportReporter -->
<testsuite name="org.sunbird.testscripts.TC_337" tests="1" time="47.639" ignored="0" failures="0" timestamp="16 Nov 2018 10:37:18 GMT" skipped="0" hostname="Arjun-PC" errors="0">
  <testcase name="announcement_feature" time="47.639" classname="org.sunbird.testscripts.TC_337"/>
</testsuite> <!-- org.sunbird.testscripts.TC_337 -->
