<?xml version="1.0" encoding="UTF-8"?>
<!-- Generated by org.testng.reporters.JUnitReportReporter -->
<testsuite name="org.contoso.testscripts.TC14_Verify_Shift_Details_CancelAssigned_DeleteUnassigned_Shifts" tests="1" time="97.488" ignored="0" failures="0" timestamp="21 May 2019 07:26:27 GMT" skipped="0" hostname="MININT-F36S5EH" errors="0">
  <testcase name="TC14_Verify_Shift_Details" time="97.488" classname="org.contoso.testscripts.TC14_Verify_Shift_Details_CancelAssigned_DeleteUnassigned_Shifts"/>
</testsuite> <!-- org.contoso.testscripts.TC14_Verify_Shift_Details_CancelAssigned_DeleteUnassigned_Shifts -->
