<?xml version="1.0" encoding="UTF-8"?>
<!-- Generated by org.testng.reporters.JUnitReportReporter -->
<testsuite name="org.sunbird.testscripts.TC_300" tests="1" time="60.393" ignored="0" failures="0" timestamp="15 Nov 2018 18:09:48 GMT" skipped="0" hostname="Arjun-PC" errors="0">
  <testcase name="rootOrg" time="60.393" classname="org.sunbird.testscripts.TC_300"/>
</testsuite> <!-- org.sunbird.testscripts.TC_300 -->
