<?xml version="1.0" encoding="UTF-8"?>
<!-- Generated by org.testng.reporters.JUnitReportReporter -->
<testsuite name="org.contoso.testscripts.TC16_Confirm_Shift_As_A_Worker" tests="1" time="0.000" ignored="0" failures="0" timestamp="20 Jan 2019 13:04:37 GMT" skipped="1" hostname="MININT-F36S5EH" errors="0">
  <testcase name="TC16_Confirm_Shift_As_a_Worker" time="0.000" classname="org.contoso.testscripts.TC16_Confirm_Shift_As_A_Worker">
    <skipped/>
  </testcase> <!-- TC16_Confirm_Shift_As_a_Worker -->
</testsuite> <!-- org.contoso.testscripts.TC16_Confirm_Shift_As_A_Worker -->
