<?xml version="1.0" encoding="UTF-8"?>
<!-- Generated by org.testng.reporters.JUnitReportReporter -->
<testsuite name="org.sunbird.testscripts.TC_299" tests="1" time="57.680" ignored="0" failures="0" timestamp="15 Nov 2018 18:11:04 GMT" skipped="0" hostname="Arjun-PC" errors="0">
  <testcase name="rootOrg" time="57.680" classname="org.sunbird.testscripts.TC_299"/>
</testsuite> <!-- org.sunbird.testscripts.TC_299 -->
