<?xml version="1.0" encoding="UTF-8"?>
<!-- Generated by org.testng.reporters.JUnitReportReporter -->
<testsuite name="org.sunbird.testscripts.TC_302" tests="1" time="58.404" ignored="0" failures="0" timestamp="15 Nov 2018 18:50:28 GMT" skipped="0" hostname="Arjun-PC" errors="0">
  <testcase name="rootOrg" time="58.404" classname="org.sunbird.testscripts.TC_302"/>
</testsuite> <!-- org.sunbird.testscripts.TC_302 -->
