<?xml version="1.0" encoding="UTF-8"?>
<!-- Generated by org.testng.reporters.JUnitReportReporter -->
<testsuite name="org.sunbird.testscripts.TC_202" tests="1" time="100.433" ignored="0" failures="0" timestamp="12 Nov 2018 13:57:54 GMT" skipped="0" hostname="Arjun-PC" errors="0">
  <testcase name="memberSearchInBatch" time="100.433" classname="org.sunbird.testscripts.TC_202"/>
</testsuite> <!-- org.sunbird.testscripts.TC_202 -->
