<?xml version="1.0" encoding="UTF-8"?>
<!-- Generated by org.testng.reporters.JUnitReportReporter -->
<testsuite name="org.contoso.testscripts.TC08_Update_Location_Structure" tests="1" time="64.984" ignored="0" failures="0" timestamp="20 May 2019 12:03:08 GMT" skipped="0" hostname="MININT-F36S5EH" errors="0">
  <testcase name="TC08_UpdateLocationStructure" time="64.984" classname="org.contoso.testscripts.TC08_Update_Location_Structure"/>
</testsuite> <!-- org.contoso.testscripts.TC08_Update_Location_Structure -->
