<?xml version="1.0" encoding="UTF-8"?>
<!-- Generated by org.testng.reporters.JUnitReportReporter -->
<testsuite name="org.contoso.testscripts.TC17_Publishing_The_Shifts" tests="1" time="82.720" ignored="0" failures="0" timestamp="16 Jan 2019 09:15:31 GMT" skipped="0" hostname="MININT-F36S5EH" errors="0">
  <testcase name="TC17_Publish_Shifts" time="82.720" classname="org.contoso.testscripts.TC17_Publishing_The_Shifts"/>
</testsuite> <!-- org.contoso.testscripts.TC17_Publishing_The_Shifts -->
