<?xml version="1.0" encoding="UTF-8"?>
<!-- Generated by org.testng.reporters.JUnitReportReporter -->
<testsuite name="org.contoso.testscripts.TC16_Cancelling_Assignments" tests="1" time="0.000" ignored="0" failures="0" timestamp="14 Jan 2019 12:11:51 GMT" skipped="1" hostname="MININT-F36S5EH" errors="0">
  <testcase name="TC16_Cancelling_Assigned_Shifts" time="0.000" classname="org.contoso.testscripts.TC16_Cancelling_Assignments">
    <skipped/>
  </testcase> <!-- TC16_Cancelling_Assigned_Shifts -->
</testsuite> <!-- org.contoso.testscripts.TC16_Cancelling_Assignments -->
