<?xml version="1.0" encoding="UTF-8"?>
<!-- Generated by org.testng.reporters.JUnitReportReporter -->
<testsuite name="org.sunbird.testscripts.TC_200" tests="1" time="127.638" ignored="0" failures="0" timestamp="12 Nov 2018 09:16:32 GMT" skipped="0" hostname="Arjun-PC" errors="0">
  <testcase name="memberSearchInBatch" time="127.638" classname="org.sunbird.testscripts.TC_200"/>
</testsuite> <!-- org.sunbird.testscripts.TC_200 -->
