<?xml version="1.0" encoding="UTF-8"?>
<!-- Generated by org.testng.reporters.JUnitReportReporter -->
<testsuite name="org.contoso.testscripts.TC07_Adhoc_Tasks" tests="1" time="42.191" ignored="0" failures="0" timestamp="20 May 2019 12:03:08 GMT" skipped="0" hostname="MININT-F36S5EH" errors="0">
  <testcase name="TC07_Add_Shift_Tasks" time="42.191" classname="org.contoso.testscripts.TC07_Adhoc_Tasks"/>
</testsuite> <!-- org.contoso.testscripts.TC07_Adhoc_Tasks -->
