<?xml version="1.0" encoding="UTF-8"?>
<!-- Generated by org.testng.reporters.JUnitReportReporter -->
<testsuite name="org.sunbird.testscripts.TC_253" tests="1" time="89.253" ignored="0" failures="0" timestamp="05 Oct 2018 08:00:17 GMT" skipped="0" hostname="Arjun-PC" errors="0">
  <testcase name="memberSearchInBatch" time="89.253" classname="org.sunbird.testscripts.TC_253"/>
</testsuite> <!-- org.sunbird.testscripts.TC_253 -->
