<?xml version="1.0" encoding="UTF-8"?>
<!-- Generated by org.testng.reporters.JUnitReportReporter -->
<testsuite name="org.sunbird.testscripts.TC_289" tests="1" time="32.411" ignored="0" failures="0" timestamp="13 Nov 2018 19:23:20 GMT" skipped="0" hostname="Arjun-PC" errors="0">
  <testcase name="Mentor" time="32.411" classname="org.sunbird.testscripts.TC_289"/>
</testsuite> <!-- org.sunbird.testscripts.TC_289 -->
