<?xml version="1.0" encoding="UTF-8"?>
<!-- Generated by org.testng.reporters.JUnitReportReporter -->
<testsuite name="org.contoso.testscripts.TC04_Update_Location_Structure" tests="1" time="66.323" ignored="0" failures="0" timestamp="14 Jan 2019 22:55:28 GMT" skipped="0" hostname="MININT-F36S5EH" errors="0">
  <testcase name="TC04_UpdateLocationStructure" time="66.323" classname="org.contoso.testscripts.TC04_Update_Location_Structure"/>
</testsuite> <!-- org.contoso.testscripts.TC04_Update_Location_Structure -->
