<?xml version="1.0" encoding="UTF-8"?>
<!-- Generated by org.testng.reporters.JUnitReportReporter -->
<testsuite name="org.sunbird.testscripts.TC_301" tests="1" time="71.710" ignored="0" failures="0" timestamp="15 Nov 2018 18:14:26 GMT" skipped="0" hostname="Arjun-PC" errors="0">
  <testcase name="rootOrg" time="71.710" classname="org.sunbird.testscripts.TC_301"/>
</testsuite> <!-- org.sunbird.testscripts.TC_301 -->
