<?xml version="1.0" encoding="UTF-8"?>
<!-- Generated by org.testng.reporters.JUnitReportReporter -->
<testsuite name="org.contoso.testscripts.TC09_Initialize__Resource_Calendar" tests="1" time="57.709" ignored="0" failures="0" timestamp="20 May 2019 12:03:08 GMT" skipped="0" hostname="MININT-F36S5EH" errors="0">
  <testcase name="TC09_Initiate_Rsource_Calendar" time="57.709" classname="org.contoso.testscripts.TC09_Initialize__Resource_Calendar"/>
</testsuite> <!-- org.contoso.testscripts.TC09_Initialize__Resource_Calendar -->
