<?xml version="1.0" encoding="UTF-8"?>
<!-- Generated by org.testng.reporters.JUnitReportReporter -->
<testsuite name="org.contoso.testscripts.TC01_Employee_Creation" tests="1" time="38.474" ignored="0" failures="1" timestamp="20 May 2019 12:03:08 GMT" skipped="0" hostname="MININT-F36S5EH" errors="0">
  <testcase name="TC01_EmployeeCreation" time="38.474" classname="org.contoso.testscripts.TC01_Employee_Creation">
    <failure type="java.lang.AssertionError" message="Scheduler failed to add New Employeeelement click intercepted: Element &lt;input class=&quot;textbox field displayoption viewMarker alignmentLeft&quot; type=&quot;text&quot; role=&quot;textbox&quot; aria-live=&quot;assertive&quot; autocomplete=&quot;off&quot; data-dyn-bind=&quot;
            attr: { 
                name: $data.Name,
                placeholder: $data.PlaceHolder, 
                &#039;aria-describedby&#039;: $data.Id + &#039;_helptext&#039;, 
                &#039;aria-label&#039;: $data.AccessibilityLabel,
                &#039;aria-invalid&#039;: !$dyn.value($data.IsValid),
                &#039;aria-haspopup&#039;: $dyn.value($data.LookupButton) &amp;amp;&amp;amp; $data.allowUserChanges()
            },
            required: $data.Required,
            boundValue: { binder: $data.valueBinder, changeMode: $data.ChangeMode },
            id: $data.Id + &#039;_input&#039;,
            link: $dyn.ui.link($data),
            secondaryNavigation: {keyboard: $data.OnKeyboardSecondaryNavigation, mouse: $data.OnMouseSecondaryNavigation},
            title: $data.toolTip,
            skip: $dyn.ui.skip($data),
            allowEdit: $data.AllowEdit,
            enabled: $data.Enabled,
            textAlign: $data.Alignment,
            keyDown: $data.keyDown,
            input: $data.onInput,
            foregroundColor: $data.ForegroundColor,
            backgroundColor: $data.BackgroundColor,
            css: { &#039;validationFailed&#039;: $data.IsShowingWarningIndicator },
            superTooltip: $dyn.ui.superTooltip($data),&quot; name=&quot;AssignmentStartDate&quot; placeholder=&quot;&quot; aria-describedby=&quot;HcmWorkerNewWorker_4_AssignmentStartDate_helptext&quot; aria-label=&quot;Assignment start, DateTime, Collapsed, &quot; aria-invalid=&quot;false&quot; aria-haspopup=&quot;true&quot; id=&quot;HcmWorkerNewWorker_4_AssignmentStartDate_input&quot; title=&quot;&quot; tabindex=&quot;0&quot; data-dynamics-input-alignment=&quot;Left&quot; dyn-data-supertooltip=&quot;true&quot; onmouseenter=&quot;$dyn.onMouseEvent.callMouseEnterFunction(this, event)&quot;&gt; is not clickable at point (1215, 647). Other element would receive the click: &lt;div tabindex=&quot;-1&quot; class=&quot;scrollRegion scrollingElement listScrollRegion fill-width&quot; style=&quot;position: relative; overflow: auto; height: 320px;&quot; data-dyn-bind=&quot;
        sizing: { width: $dyn.layout.Size.available, height: $dyn.layout.Size.available, ignoreSiblings: true },
        scroll: $data.OnScroll,
        keyUp: $data.RowKeyUp,
        attr: { &#039;aria-owns&#039;: $data.ListBoxIdentifier, &#039;aria-activedescendant&#039;: $data.ListBoxIdentifier },
        horizontalScrollWithWheel: { height: function() { return $data.GetHeightForHandler(); }, width: function() { return $data.GetScrollRegionWidth(); } }&quot; aria-owns=&quot;&quot; aria-activedescendant=&quot;&quot;&gt;...&lt;/div&gt;
  (Session info: chrome=74.0.3729.157)
  (Driver info: chromedriver=74.0.3729.6 (255758eccf3d244491b8a1317aa76e1ce10d57e9-refs/branch-heads/3729@{#29}),platform=Windows NT 10.0.14393 x86_64) (WARNING: The server did not provide any stacktrace information)
Command duration or timeout: 0 milliseconds
Build info: version: &#039;3.12.0&#039;, revision: &#039;7c6e0b3&#039;, time: &#039;2018-05-08T14:04:26.12Z&#039;
System info: host: &#039;MININT-F36S5EH&#039;, ip: &#039;10.2.2.4&#039;, os.name: &#039;Windows Server 2016&#039;, os.arch: &#039;amd64&#039;, os.version: &#039;10.0&#039;, java.version: &#039;1.8.0_171&#039;
Driver info: org.openqa.selenium.chrome.ChromeDriver
Capabilities {acceptInsecureCerts: false, acceptSslCerts: false, applicationCacheEnabled: false, browserConnectionEnabled: false, browserName: chrome, chrome: {chromedriverVersion: 74.0.3729.6 (255758eccf3d24..., userDataDir: C:\Users\wieland\AppData\Lo...}, cssSelectorsEnabled: true, databaseEnabled: false, goog:chromeOptions: {debuggerAddress: localhost:62889}, handlesAlerts: true, hasTouchScreen: false, javascriptEnabled: true, locationContextEnabled: true, mobileEmulationEnabled: false, nativeEvents: true, networkConnectionEnabled: false, pageLoadStrategy: normal, platform: XP, platformName: XP, proxy: Proxy(), rotatable: false, setWindowRect: true, strictFileInteractability: false, takesHeapSnapshot: true, takesScreenshot: true, timeouts: {implicit: 0, pageLoad: 300000, script: 30000}, unexpectedAlertBehaviour: ignore, unhandledPromptBehavior: ignore, version: 74.0.3729.157, webStorageEnabled: true}
Session ID: a2184cf74a7a361a5ac2c788234e2149">
      <![CDATA[java.lang.AssertionError: Scheduler failed to add New Employeeelement click intercepted: Element <input class="textbox field displayoption viewMarker alignmentLeft" type="text" role="textbox" aria-live="assertive" autocomplete="off" data-dyn-bind="
            attr: { 
                name: $data.Name,
                placeholder: $data.PlaceHolder, 
                'aria-describedby': $data.Id + '_helptext', 
                'aria-label': $data.AccessibilityLabel,
                'aria-invalid': !$dyn.value($data.IsValid),
                'aria-haspopup': $dyn.value($data.LookupButton) &amp;&amp; $data.allowUserChanges()
            },
            required: $data.Required,
            boundValue: { binder: $data.valueBinder, changeMode: $data.ChangeMode },
            id: $data.Id + '_input',
            link: $dyn.ui.link($data),
            secondaryNavigation: {keyboard: $data.OnKeyboardSecondaryNavigation, mouse: $data.OnMouseSecondaryNavigation},
            title: $data.toolTip,
            skip: $dyn.ui.skip($data),
            allowEdit: $data.AllowEdit,
            enabled: $data.Enabled,
            textAlign: $data.Alignment,
            keyDown: $data.keyDown,
            input: $data.onInput,
            foregroundColor: $data.ForegroundColor,
            backgroundColor: $data.BackgroundColor,
            css: { 'validationFailed': $data.IsShowingWarningIndicator },
            superTooltip: $dyn.ui.superTooltip($data)," name="AssignmentStartDate" placeholder="" aria-describedby="HcmWorkerNewWorker_4_AssignmentStartDate_helptext" aria-label="Assignment start, DateTime, Collapsed, " aria-invalid="false" aria-haspopup="true" id="HcmWorkerNewWorker_4_AssignmentStartDate_input" title="" tabindex="0" data-dynamics-input-alignment="Left" dyn-data-supertooltip="true" onmouseenter="$dyn.onMouseEvent.callMouseEnterFunction(this, event)"> is not clickable at point (1215, 647). Other element would receive the click: <div tabindex="-1" class="scrollRegion scrollingElement listScrollRegion fill-width" style="position: relative; overflow: auto; height: 320px;" data-dyn-bind="
        sizing: { width: $dyn.layout.Size.available, height: $dyn.layout.Size.available, ignoreSiblings: true },
        scroll: $data.OnScroll,
        keyUp: $data.RowKeyUp,
        attr: { 'aria-owns': $data.ListBoxIdentifier, 'aria-activedescendant': $data.ListBoxIdentifier },
        horizontalScrollWithWheel: { height: function() { return $data.GetHeightForHandler(); }, width: function() { return $data.GetScrollRegionWidth(); } }" aria-owns="" aria-activedescendant="">...</div>
  (Session info: chrome=74.0.3729.157)
  (Driver info: chromedriver=74.0.3729.6 (255758eccf3d244491b8a1317aa76e1ce10d57e9-refs/branch-heads/3729@{#29}),platform=Windows NT 10.0.14393 x86_64) (WARNING: The server did not provide any stacktrace information)
Command duration or timeout: 0 milliseconds
Build info: version: '3.12.0', revision: '7c6e0b3', time: '2018-05-08T14:04:26.12Z'
System info: host: 'MININT-F36S5EH', ip: '10.2.2.4', os.name: 'Windows Server 2016', os.arch: 'amd64', os.version: '10.0', java.version: '1.8.0_171'
Driver info: org.openqa.selenium.chrome.ChromeDriver
Capabilities {acceptInsecureCerts: false, acceptSslCerts: false, applicationCacheEnabled: false, browserConnectionEnabled: false, browserName: chrome, chrome: {chromedriverVersion: 74.0.3729.6 (255758eccf3d24..., userDataDir: C:\Users\wieland\AppData\Lo...}, cssSelectorsEnabled: true, databaseEnabled: false, goog:chromeOptions: {debuggerAddress: localhost:62889}, handlesAlerts: true, hasTouchScreen: false, javascriptEnabled: true, locationContextEnabled: true, mobileEmulationEnabled: false, nativeEvents: true, networkConnectionEnabled: false, pageLoadStrategy: normal, platform: XP, platformName: XP, proxy: Proxy(), rotatable: false, setWindowRect: true, strictFileInteractability: false, takesHeapSnapshot: true, takesScreenshot: true, timeouts: {implicit: 0, pageLoad: 300000, script: 30000}, unexpectedAlertBehaviour: ignore, unhandledPromptBehavior: ignore, version: 74.0.3729.157, webStorageEnabled: true}
Session ID: a2184cf74a7a361a5ac2c788234e2149
	at org.testng.Assert.fail(Assert.java:94)
	at org.contoso.page.NewResourceSetupPage.NewEmployeeSetup(NewResourceSetupPage.java:152)
	at org.contoso.testscripts.TC01_Employee_Creation.TC01_EmployeeCreation(TC01_Employee_Creation.java:20)
	at sun.reflect.NativeMethodAccessorImpl.invoke0(Native Method)
	at sun.reflect.NativeMethodAccessorImpl.invoke(Unknown Source)
	at sun.reflect.DelegatingMethodAccessorImpl.invoke(Unknown Source)
	at java.lang.reflect.Method.invoke(Unknown Source)
	at org.testng.internal.MethodInvocationHelper.invokeMethod(MethodInvocationHelper.java:104)
	at org.testng.internal.Invoker.invokeMethod(Invoker.java:645)
	at org.testng.internal.Invoker.invokeTestMethod(Invoker.java:851)
	at org.testng.internal.Invoker.invokeTestMethods(Invoker.java:1177)
	at org.testng.internal.TestMethodWorker.invokeTestMethods(TestMethodWorker.java:129)
	at org.testng.internal.TestMethodWorker.run(TestMethodWorker.java:112)
	at org.testng.TestRunner.privateRun(TestRunner.java:756)
	at org.testng.TestRunner.run(TestRunner.java:610)
	at org.testng.SuiteRunner.runTest(SuiteRunner.java:387)
	at org.testng.SuiteRunner.runSequentially(SuiteRunner.java:382)
	at org.testng.SuiteRunner.privateRun(SuiteRunner.java:340)
	at org.testng.SuiteRunner.run(SuiteRunner.java:289)
	at org.testng.SuiteRunnerWorker.runSuite(SuiteRunnerWorker.java:52)
	at org.testng.SuiteRunnerWorker.run(SuiteRunnerWorker.java:86)
	at org.testng.TestNG.runSuitesSequentially(TestNG.java:1293)
	at org.testng.TestNG.runSuitesLocally(TestNG.java:1218)
	at org.testng.TestNG.runSuites(TestNG.java:1133)
	at org.testng.TestNG.run(TestNG.java:1104)
	at org.testng.remote.AbstractRemoteTestNG.run(AbstractRemoteTestNG.java:114)
	at org.testng.remote.RemoteTestNG.initAndRun(RemoteTestNG.java:251)
	at org.testng.remote.RemoteTestNG.main(RemoteTestNG.java:77)
]]>
    </failure>
  </testcase> <!-- TC01_EmployeeCreation -->
</testsuite> <!-- org.contoso.testscripts.TC01_Employee_Creation -->
