<?xml version="1.0" encoding="UTF-8"?>
<!-- Generated by org.testng.reporters.JUnitReportReporter -->
<testsuite name="org.contoso.testscripts.TC04_Add_Certificates_And_Skills" tests="1" time="106.858" ignored="0" failures="0" timestamp="20 May 2019 12:03:08 GMT" skipped="0" hostname="MININT-F36S5EH" errors="0">
  <testcase name="TC04_Add_Certificates_Plus_Skills" time="106.858" classname="org.contoso.testscripts.TC04_Add_Certificates_And_Skills"/>
</testsuite> <!-- org.contoso.testscripts.TC04_Add_Certificates_And_Skills -->
