<?xml version="1.0" encoding="UTF-8"?>
<!-- Generated by org.testng.reporters.JUnitReportReporter -->
<testsuite name="org.sunbird.testscripts.TC_297" tests="1" time="58.966" ignored="0" failures="0" timestamp="15 Nov 2018 10:48:00 GMT" skipped="0" hostname="Arjun-PC" errors="0">
  <testcase name="rootOrg" time="58.966" classname="org.sunbird.testscripts.TC_297"/>
</testsuite> <!-- org.sunbird.testscripts.TC_297 -->
