<?xml version="1.0" encoding="UTF-8"?>
<!-- Generated by org.testng.reporters.JUnitReportReporter -->
<testsuite name="org.sunbird.testscripts.TC_283" tests="1" time="56.344" ignored="0" failures="0" timestamp="13 Nov 2018 18:07:32 GMT" skipped="0" hostname="Arjun-PC" errors="0">
  <testcase name="allMyContent" time="56.344" classname="org.sunbird.testscripts.TC_283"/>
</testsuite> <!-- org.sunbird.testscripts.TC_283 -->
