<?xml version="1.0" encoding="UTF-8"?>
<!-- Generated by org.testng.reporters.JUnitReportReporter -->
<testsuite name="org.sunbird.testscripts.TC_186" tests="1" time="64.598" ignored="0" failures="0" timestamp="13 Nov 2018 07:55:52 GMT" skipped="0" hostname="Arjun-PC" errors="0">
  <testcase name="questionSetPlugin" time="64.598" classname="org.sunbird.testscripts.TC_186"/>
</testsuite> <!-- org.sunbird.testscripts.TC_186 -->
