<?xml version="1.0" encoding="UTF-8"?>
<!-- Generated by org.testng.reporters.JUnitReportReporter -->
<testsuite name="org.contoso.testscripts.TC18_Reject_Shift_As_A_Worker" tests="1" time="42.676" ignored="0" failures="0" timestamp="16 Jan 2019 10:36:57 GMT" skipped="0" hostname="MININT-F36S5EH" errors="0">
  <testcase name="TC18_Reject_Shift" time="42.676" classname="org.contoso.testscripts.TC18_Reject_Shift_As_A_Worker"/>
</testsuite> <!-- org.contoso.testscripts.TC18_Reject_Shift_As_A_Worker -->
