<?xml version="1.0" encoding="UTF-8"?>
<!-- Generated by org.testng.reporters.JUnitReportReporter -->
<testsuite name="org.contoso.testscripts.TC22_Reject_Shift_As_A_Worker" tests="1" time="0.001" ignored="0" failures="0" timestamp="14 Jan 2019 12:11:51 GMT" skipped="1" hostname="MININT-F36S5EH" errors="0">
  <testcase name="TC22_Reject_Shift" time="0.001" classname="org.contoso.testscripts.TC22_Reject_Shift_As_A_Worker">
    <skipped/>
  </testcase> <!-- TC22_Reject_Shift -->
</testsuite> <!-- org.contoso.testscripts.TC22_Reject_Shift_As_A_Worker -->
