<?xml version="1.0" encoding="UTF-8"?>
<!-- Generated by org.testng.reporters.JUnitReportReporter -->
<testsuite name="org.sunbird.testscripts.TC_187" tests="1" time="21.888" ignored="0" failures="0" timestamp="01 Oct 2018 13:33:34 GMT" skipped="0" hostname="Arjun-PC" errors="0">
  <testcase name="questionSetPlugin2" time="21.888" classname="org.sunbird.testscripts.TC_187"/>
</testsuite> <!-- org.sunbird.testscripts.TC_187 -->
