<?xml version="1.0" encoding="UTF-8"?>
<!-- Generated by org.testng.reporters.JUnitReportReporter -->
<testsuite name="org.contoso.testscripts.TC14_Auto_Assinment_Of_Shifts" tests="1" time="0.001" ignored="0" failures="0" timestamp="14 Jan 2019 12:11:51 GMT" skipped="1" hostname="MININT-F36S5EH" errors="0">
  <testcase name="TC14_Auto_Assign_Shifts" time="0.001" classname="org.contoso.testscripts.TC14_Auto_Assinment_Of_Shifts">
    <skipped/>
  </testcase> <!-- TC14_Auto_Assign_Shifts -->
</testsuite> <!-- org.contoso.testscripts.TC14_Auto_Assinment_Of_Shifts -->
