<?xml version="1.0" encoding="UTF-8"?>
<!-- Generated by org.testng.reporters.JUnitReportReporter -->
<testsuite name="org.contoso.testscripts.TC02_Setup_StandardCalendar_ResourceSetupPage" tests="1" time="65.404" ignored="0" failures="0" timestamp="20 May 2019 12:03:08 GMT" skipped="0" hostname="MININT-F36S5EH" errors="0">
  <testcase name="TC02_SetUpStandardCalendar" time="65.404" classname="org.contoso.testscripts.TC02_Setup_StandardCalendar_ResourceSetupPage"/>
</testsuite> <!-- org.contoso.testscripts.TC02_Setup_StandardCalendar_ResourceSetupPage -->
