<?xml version="1.0" encoding="UTF-8"?>
<!-- Generated by org.testng.reporters.JUnitReportReporter -->
<testsuite name="org.sunbird.testscripts.TC_284" tests="1" time="45.399" ignored="0" failures="0" timestamp="13 Nov 2018 18:09:33 GMT" skipped="0" hostname="Arjun-PC" errors="0">
  <testcase name="allMyContent" time="45.399" classname="org.sunbird.testscripts.TC_284"/>
</testsuite> <!-- org.sunbird.testscripts.TC_284 -->
