<?xml version="1.0" encoding="UTF-8"?>
<!-- Generated by org.testng.reporters.JUnitReportReporter -->
<testsuite name="org.sunbird.testscripts.TC_211" tests="1" time="50.219" ignored="0" failures="0" timestamp="08 Nov 2018 22:10:45 GMT" skipped="0" hostname="Arjun-PC" errors="0">
  <testcase name="lessonPlan" time="50.219" classname="org.sunbird.testscripts.TC_211"/>
</testsuite> <!-- org.sunbird.testscripts.TC_211 -->
